<?xml version="1.0" encoding="UTF-8"?>
<testng-results ignored="0" total="1" passed="1" failed="0" skipped="0">
  <reporter-output>
  </reporter-output>
  <suite started-at="2023-10-28T18:07:11 IST" name="Default suite" finished-at="2023-10-28T18:07:55 IST" duration-ms="43781">
    <groups>
    </groups>
    <test started-at="2023-10-28T18:07:11 IST" name="Default test" finished-at="2023-10-28T18:07:55 IST" duration-ms="43781">
      <class name="testcase.GetPrice">
        <test-method is-config="true" signature="setup()[pri:0, instance:testcase.GetPrice@c8c12ac]" started-at="2023-10-28T18:07:11 IST" name="setup" finished-at="2023-10-28T18:07:18 IST" duration-ms="6481" status="PASS">
          <reporter-output>
          </reporter-output>
        </test-method> <!-- setup -->
        <test-method signature="GetPricedata()[pri:0, instance:testcase.GetPrice@c8c12ac]" started-at="2023-10-28T18:07:18 IST" name="GetPricedata" finished-at="2023-10-28T18:07:55 IST" duration-ms="37230" status="PASS">
          <reporter-output>
          </reporter-output>
        </test-method> <!-- GetPricedata -->
      </class> <!-- testcase.GetPrice -->
    </test> <!-- Default test -->
  </suite> <!-- Default suite -->
</testng-results>
